<?xml version="1.0" encoding="UTF-8"?>
<testng-results skipped="0" failed="0" ignored="0" total="1" passed="1">
  <reporter-output>
  </reporter-output>
  <suite name="Suite" duration-ms="48321" started-at="2019-06-02T12:09:11Z" finished-at="2019-06-02T12:09:59Z">
    <groups>
    </groups>
    <test name="Test" duration-ms="48321" started-at="2019-06-02T12:09:11Z" finished-at="2019-06-02T12:09:59Z">
      <class name="testCases.Test4">
        <test-method status="PASS" signature="startBrowser(java.lang.String)[pri:0, instance:testCases.Test4@436e852b]" name="startBrowser" is-config="true" duration-ms="8877" started-at="2019-06-02T12:09:11Z" finished-at="2019-06-02T12:09:20Z">
          <params>
            <param index="0">
              <value>
                <![CDATA[chrome]]>
              </value>
            </param>
          </params>
          <reporter-output>
          </reporter-output>
        </test-method> <!-- startBrowser -->
        <test-method status="PASS" signature="dragAndDropValidation()[pri:0, instance:testCases.Test4@436e852b]" name="dragAndDropValidation" duration-ms="39048" started-at="2019-06-02T12:09:20Z" finished-at="2019-06-02T12:09:59Z">
          <reporter-output>
          </reporter-output>
        </test-method> <!-- dragAndDropValidation -->
        <test-method status="PASS" signature="testResult(org.testng.ITestResult)[pri:0, instance:testCases.Test4@436e852b]" name="testResult" is-config="true" duration-ms="2" started-at="2019-06-02T12:09:59Z" finished-at="2019-06-02T12:09:59Z">
          <params>
            <param index="0">
              <value>
                <![CDATA[[TestResult name=dragAndDropValidation status=SUCCESS method=Test4.dragAndDropValidation()[pri:0, instance:testCases.Test4@436e852b] output={null}]]]>
              </value>
            </param>
          </params>
          <reporter-output>
          </reporter-output>
        </test-method> <!-- testResult -->
        <test-method status="PASS" signature="closeBrowser()[pri:0, instance:testCases.Test4@436e852b]" name="closeBrowser" is-config="true" duration-ms="364" started-at="2019-06-02T12:09:59Z" finished-at="2019-06-02T12:09:59Z">
          <reporter-output>
          </reporter-output>
        </test-method> <!-- closeBrowser -->
      </class> <!-- testCases.Test4 -->
    </test> <!-- Test -->
  </suite> <!-- Suite -->
</testng-results>
